<?xml version="1.0" encoding="UTF-8"?>
<!-- Generated by org.testng.reporters.JUnitReportReporter -->
<testsuite hostname="FarhanKhalid" failures="0" tests="6" name="api.test.DDUserTest" time="0.643" errors="0" timestamp="2023-09-04T22:01:32 EDT" skipped="0">
  <testcase classname="api.test.DDUserTest" name="testcreateuser" time="0.107"/>
  <system-out/>
  <testcase classname="api.test.DDUserTest" name="testcreateuser" time="0.097"/>
  <system-out/>
  <testcase classname="api.test.DDUserTest" name="testcreateuser" time="0.098"/>
  <system-out/>
  <testcase classname="api.test.DDUserTest" name="testdeleteuserbyusername" time="0.103"/>
  <system-out/>
  <testcase classname="api.test.DDUserTest" name="testdeleteuserbyusername" time="0.110"/>
  <system-out/>
  <testcase classname="api.test.DDUserTest" name="testdeleteuserbyusername" time="0.128"/>
  <system-out/>
</testsuite> <!-- api.test.DDUserTest -->
