<?xml version="1.0" encoding="UTF-8"?>
<!-- Generated by org.testng.reporters.JUnitReportReporter -->
<testsuite hostname="FarhanKhalid" failures="0" tests="4" name="api.test.UserTest2" time="1.599" errors="0" timestamp="2023-09-04T22:01:32 EDT" skipped="0">
  <testcase classname="api.test.UserTest2" name="testcreateuser" time="1.147"/>
  <system-out/>
  <testcase classname="api.test.UserTest2" name="testreaduser" time="0.150"/>
  <system-out/>
  <testcase classname="api.test.UserTest2" name="testupdateuser" time="0.208"/>
  <system-out/>
  <testcase classname="api.test.UserTest2" name="testdeleteuser" time="0.094"/>
  <system-out/>
</testsuite> <!-- api.test.UserTest2 -->
