<?xml version="1.0" encoding="UTF-8"?>
<!-- Generated by org.testng.reporters.JUnitReportReporter -->
<testsuite hostname="FarhanKhalid" failures="0" tests="4" name="api.test.UserTest" time="1.543" errors="0" timestamp="2023-09-04T21:57:59 EDT" skipped="0">
  <testcase classname="api.test.UserTest" name="testcreateuser" time="1.076"/>
  <system-out/>
  <testcase classname="api.test.UserTest" name="testreaduser" time="0.151"/>
  <system-out/>
  <testcase classname="api.test.UserTest" name="testupdateuser" time="0.220"/>
  <system-out/>
  <testcase classname="api.test.UserTest" name="testdeleteuser" time="0.096"/>
  <system-out/>
</testsuite> <!-- api.test.UserTest -->
