<?xml version="1.0" encoding="UTF-8"?>
<!-- Generated by org.testng.reporters.JUnitReportReporter -->
<testsuite hostname="FarhanKhalid" failures="0" tests="6" name="api.test.DDUserTest" time="0.594" errors="0" timestamp="2023-09-04T22:04:43 EDT" skipped="0">
  <testcase classname="api.test.DDUserTest" name="testcreateuser" time="0.101"/>
  <system-out/>
  <testcase classname="api.test.DDUserTest" name="testcreateuser" time="0.093"/>
  <system-out/>
  <testcase classname="api.test.DDUserTest" name="testcreateuser" time="0.104"/>
  <system-out/>
  <testcase classname="api.test.DDUserTest" name="testdeleteuserbyusername" time="0.102"/>
  <system-out/>
  <testcase classname="api.test.DDUserTest" name="testdeleteuserbyusername" time="0.102"/>
  <system-out/>
  <testcase classname="api.test.DDUserTest" name="testdeleteuserbyusername" time="0.092"/>
  <system-out/>
</testsuite> <!-- api.test.DDUserTest -->
