<?xml version="1.0" encoding="UTF-8"?>
<!-- Generated by org.testng.reporters.JUnitReportReporter -->
<testsuite hostname="FarhanKhalid" failures="0" tests="4" name="api.test.UserTest" time="1.564" errors="0" timestamp="2023-09-04T22:04:43 EDT" skipped="0">
  <testcase classname="api.test.UserTest" name="testcreateuser" time="1.124"/>
  <system-out/>
  <testcase classname="api.test.UserTest" name="testreaduser" time="0.126"/>
  <system-out/>
  <testcase classname="api.test.UserTest" name="testupdateuser" time="0.212"/>
  <system-out/>
  <testcase classname="api.test.UserTest" name="testdeleteuser" time="0.102"/>
  <system-out/>
</testsuite> <!-- api.test.UserTest -->
